Started GET "/sections" for 127.0.0.1 at 2017-11-03 13:57:18 +0530
  [1m[35m (0.5ms)[0m  [1m[34mSELECT "schema_migrations"."version" FROM "schema_migrations" ORDER BY "schema_migrations"."version" ASC[0m
Processing by SectionsController#index as HTML
  Rendering sections/index.html.erb within layouts/application
  [1m[35m (0.3ms)[0m  [1m[34mSELECT COUNT(*) FROM "sections"[0m
  [1m[36mSection Load (0.4ms)[0m  [1m[34mSELECT "sections".* FROM "sections"[0m
  [1m[36mUser Load (0.6ms)[0m  [1m[34mSELECT  "users".* FROM "users" WHERE "users"."id" = ? LIMIT ?[0m  [["id", 1], ["LIMIT", 1]]
  Rendered sections/index.html.erb within layouts/application (107.0ms)
  Rendered layouts/_header.html.erb (12.1ms)
  Rendered layouts/_footer.html.erb (0.7ms)
Completed 200 OK in 996ms (Views: 954.6ms | ActiveRecord: 4.5ms)


Started GET "/" for 127.0.0.1 at 2017-11-03 13:57:34 +0530
Processing by AccessController#menu as HTML
  Rendering access/menu.html.erb within layouts/application
  [1m[36mNotice Load (0.4ms)[0m  [1m[34mSELECT "notices".* FROM "notices"[0m
  [1m[36mUser Load (0.5ms)[0m  [1m[34mSELECT  "users".* FROM "users" WHERE "users"."id" = ? LIMIT ?[0m  [["id", 1], ["LIMIT", 1]]
  [1m[36mEligibility Load (0.4ms)[0m  [1m[34mSELECT "eligibilities".* FROM "eligibilities"[0m
  Rendered access/menu.html.erb within layouts/application (46.2ms)
  Rendered layouts/_header.html.erb (7.5ms)
  Rendered layouts/_footer.html.erb (0.7ms)
Completed 200 OK in 246ms (Views: 201.2ms | ActiveRecord: 7.2ms)


Started GET "/appointments/index" for 127.0.0.1 at 2017-11-03 13:57:35 +0530
Processing by AppointmentsController#index as HTML
  [1m[36mUser Load (0.3ms)[0m  [1m[34mSELECT  "users".* FROM "users" WHERE "users"."id" = ? LIMIT ?[0m  [["id", 1], ["LIMIT", 1]]
  Rendering appointments/index.html.erb within layouts/application
  [1m[35m (0.3ms)[0m  [1m[34mSELECT COUNT(*) FROM "appointments"[0m
  Rendered appointments/index.html.erb within layouts/application (6.7ms)
  Rendered layouts/_header.html.erb (7.3ms)
  Rendered layouts/_footer.html.erb (0.9ms)
Completed 200 OK in 183ms (Views: 160.4ms | ActiveRecord: 1.5ms)


Started GET "/" for 127.0.0.1 at 2017-11-03 13:57:39 +0530
Processing by AccessController#menu as HTML
  Rendering access/menu.html.erb within layouts/application
  [1m[36mNotice Load (0.5ms)[0m  [1m[34mSELECT "notices".* FROM "notices"[0m
  [1m[36mUser Load (0.3ms)[0m  [1m[34mSELECT  "users".* FROM "users" WHERE "users"."id" = ? LIMIT ?[0m  [["id", 1], ["LIMIT", 1]]
  [1m[36mEligibility Load (0.5ms)[0m  [1m[34mSELECT "eligibilities".* FROM "eligibilities"[0m
  Rendered access/menu.html.erb within layouts/application (13.3ms)
  Rendered layouts/_header.html.erb (8.2ms)
  Rendered layouts/_footer.html.erb (1.0ms)
Completed 200 OK in 173ms (Views: 169.1ms | ActiveRecord: 1.3ms)


Started GET "/" for 127.0.0.1 at 2017-11-03 13:57:39 +0530
Processing by AccessController#menu as HTML
  Rendering access/menu.html.erb within layouts/application
  [1m[36mNotice Load (0.6ms)[0m  [1m[34mSELECT "notices".* FROM "notices"[0m
  [1m[36mUser Load (0.4ms)[0m  [1m[34mSELECT  "users".* FROM "users" WHERE "users"."id" = ? LIMIT ?[0m  [["id", 1], ["LIMIT", 1]]
  [1m[36mEligibility Load (0.5ms)[0m  [1m[34mSELECT "eligibilities".* FROM "eligibilities"[0m
  Rendered access/menu.html.erb within layouts/application (15.7ms)
  Rendered layouts/_header.html.erb (8.5ms)
  Rendered layouts/_footer.html.erb (0.8ms)
Completed 200 OK in 237ms (Views: 232.2ms | ActiveRecord: 1.4ms)


Started GET "/candidates/index" for 127.0.0.1 at 2017-11-03 13:57:44 +0530
Processing by CandidatesController#index as HTML
  [1m[36mUser Load (0.4ms)[0m  [1m[34mSELECT  "users".* FROM "users" WHERE "users"."id" = ? LIMIT ?[0m  [["id", 1], ["LIMIT", 1]]
  Rendering candidates/index.html.erb within layouts/application
  [1m[35m (0.5ms)[0m  [1m[34mSELECT COUNT(*) FROM "candidates"[0m
  [1m[35m (0.5ms)[0m  [1m[34mSELECT COUNT(*) FROM "candidates" WHERE (admission_status="Under Process" or admission_status="Accepted" )[0m
  [1m[36mCandidate Load (0.6ms)[0m  [1m[34mSELECT "candidates".* FROM "candidates" WHERE (admission_status="Under Process" or admission_status="Accepted" )[0m
  [1m[36mSection Load (0.5ms)[0m  [1m[34mSELECT  "sections".* FROM "sections" WHERE "sections"."id" = ? LIMIT ?[0m  [["id", 1], ["LIMIT", 1]]
  [1m[36mSection Load (0.2ms)[0m  [1m[34mSELECT  "sections".* FROM "sections" WHERE "sections"."id" = ? LIMIT ?[0m  [["id", 2], ["LIMIT", 1]]
  [1m[36mSection Load (0.2ms)[0m  [1m[34mSELECT  "sections".* FROM "sections" WHERE "sections"."id" = ? LIMIT ?[0m  [["id", 4], ["LIMIT", 1]]
  [1m[36mSection Load (0.2ms)[0m  [1m[34mSELECT  "sections".* FROM "sections" WHERE "sections"."id" = ? LIMIT ?[0m  [["id", 3], ["LIMIT", 1]]
  [1m[35m (0.5ms)[0m  [1m[34mSELECT COUNT(*) FROM "candidates" WHERE (admission_status="Selected")[0m
  [1m[35m (0.4ms)[0m  [1m[34mSELECT COUNT(*) FROM "candidates" WHERE (admission_status="Rejected")[0m
  Rendered candidates/index.html.erb within layouts/application (107.3ms)
  Rendered layouts/_header.html.erb (6.7ms)
  Rendered layouts/_footer.html.erb (0.8ms)
Completed 200 OK in 278ms (Views: 246.9ms | ActiveRecord: 5.7ms)


